<?xml version="1.0" encoding="UTF-8" ?>
<testsuite tests="2" failures="2" name="com.msci.TestCourseService" time="0" errors="0" skipped="0">
  <properties>
[...]
</properties>
  <testcase classname="com.msci.TestCourseService" name="com.msci.TestCourseService.testFindCourseByTitle" time="0">
    <failure message="Cannot invoke &quot;com.msci.CourseService.findCourseByTitle(String)&quot; because &quot;this.courseService&quot; is null" type="java.lang.NullPointerException">java.lang.NullPointerException: Cannot invoke &quot;com.msci.CourseService.findCourseByTitle(String)&quot; because &quot;this.courseService&quot; is null
	at com.msci.TestCourseService.testFindCourseByTitle(TestCourseService.java:20)
</failure>
  </testcase>
  <testcase classname="com.msci.TestCourseService" name="com.msci.TestCourseService.testFindCourseByTitleNotFound" time="0">
    <failure message="Cannot invoke &quot;com.msci.CourseService.findCourseByTitle(String)&quot; because &quot;this.courseService&quot; is null" type="java.lang.NullPointerException">java.lang.NullPointerException: Cannot invoke &quot;com.msci.CourseService.findCourseByTitle(String)&quot; because &quot;this.courseService&quot; is null
	at com.msci.TestCourseService.testFindCourseByTitleNotFound(TestCourseService.java:26)
</failure>
  </testcase>
</testsuite>