# JRE version: OpenJDK Runtime Environment Temurin-17.0.13+11 (17.0.13+11) (build 17.0.13+11)
# Java VM: OpenJDK 64-Bit Server VM Temurin-17.0.13+11 (17.0.13+11, mixed mode, tiered, compressed oops, compressed class ptrs, parallel gc, windows-amd64)
GC Precious Log:
 CPUs: 8 total, 8 available
 Memory: 7975M
 Large Page Support: Disabled
 NUMA Support: Disabled
 Compressed Oops: Enabled (32-bit)
 Alignments: Space 512K, Generation 512K, Heap 2M
 Heap Min Capacity: 100M
 Heap Initial Capacity: 100M
 Heap Max Capacity: 1G
 Pre-touch: Disabled
 Parallel Workers: 8
Heap:
 PSYoungGen      total 12288K, used 10629K [0x00000000eab00000, 0x00000000ebb80000, 0x0000000100000000)
  eden space 8704K, 83% used [0x00000000eab00000,0x00000000eb20f7f0,0x00000000eb380000)
  from space 3584K, 94% used [0x00000000eb380000,0x00000000eb6d2890,0x00000000eb700000)
  to   space 4096K, 0% used [0x00000000eb780000,0x00000000eb780000,0x00000000ebb80000)
 ParOldGen       total 259584K, used 229595K [0x00000000c0000000, 0x00000000cfd80000, 0x00000000eab00000)
  object space 259584K, 88% used [0x00000000c0000000,0x00000000ce036fc8,0x00000000cfd80000)
 Metaspace       used 87367K, committed 88832K, reserved 1179648K
  class space    used 9567K, committed 10240K, reserved 1048576K
GC Heap History (20 events):
Event: 69.838 GC heap before
{Heap before GC invocations=256 (full 16):
 PSYoungGen      total 15872K, used 15512K [0x00000000eab00000, 0x00000000ebf80000, 0x0000000100000000)
  eden space 10752K, 99% used [0x00000000eab00000,0x00000000eb57ffb8,0x00000000eb580000)
  from space 5120K, 92% used [0x00000000eb600000,0x00000000ebaa6298,0x00000000ebb00000)
  to   space 4608K, 0% used [0x00000000ebb00000,0x00000000ebb00000,0x00000000ebf80000)
 ParOldGen       total 259584K, used 223107K [0x00000000c0000000, 0x00000000cfd80000, 0x00000000eab00000)
  object space 259584K, 85% used [0x00000000c0000000,0x00000000cd9e0c18,0x00000000cfd80000)
 Metaspace       used 84447K, committed 85952K, reserved 1179648K
  class space    used 9183K, committed 9856K, reserved 1048576K
}
Event: 69.843 GC heap after
{Heap after GC invocations=256 (full 16):
 PSYoungGen      total 15360K, used 4426K [0x00000000eab00000, 0x00000000ebf80000, 0x0000000100000000)
  eden space 10752K, 0% used [0x00000000eab00000,0x00000000eab00000,0x00000000eb580000)
  from space 4608K, 96% used [0x00000000ebb00000,0x00000000ebf52a60,0x00000000ebf80000)
  to   space 4608K, 0% used [0x00000000eb680000,0x00000000eb680000,0x00000000ebb00000)
 ParOldGen       total 259584K, used 223107K [0x00000000c0000000, 0x00000000cfd80000, 0x00000000eab00000)
  object space 259584K, 85% used [0x00000000c0000000,0x00000000cd9e0c18,0x00000000cfd80000)
 Metaspace       used 84447K, committed 85952K, reserved 1179648K
  class space    used 9183K, committed 9856K, reserved 1048576K
}
Event: 71.439 GC heap before
{Heap before GC invocations=257 (full 16):
 PSYoungGen      total 15360K, used 15178K [0x00000000eab00000, 0x00000000ebf80000, 0x0000000100000000)
  eden space 10752K, 100% used [0x00000000eab00000,0x00000000eb580000,0x00000000eb580000)
  from space 4608K, 96% used [0x00000000ebb00000,0x00000000ebf52a60,0x00000000ebf80000)
  to   space 4608K, 0% used [0x00000000eb680000,0x00000000eb680000,0x00000000ebb00000)
 ParOldGen       total 259584K, used 223107K [0x00000000c0000000, 0x00000000cfd80000, 0x00000000eab00000)
  object space 259584K, 85% used [0x00000000c0000000,0x00000000cd9e0c18,0x00000000cfd80000)
 Metaspace       used 84835K, committed 86336K, reserved 1179648K
  class space    used 9224K, committed 9920K, reserved 1048576K
}
Event: 71.453 GC heap after
{Heap after GC invocations=257 (full 16):
 PSYoungGen      total 15360K, used 4588K [0x00000000eab00000, 0x00000000ec080000, 0x0000000100000000)
  eden space 10752K, 0% used [0x00000000eab00000,0x00000000eab00000,0x00000000eb580000)
  from space 4608K, 99% used [0x00000000eb680000,0x00000000ebafb198,0x00000000ebb00000)
  to   space 5632K, 0% used [0x00000000ebb00000,0x00000000ebb00000,0x00000000ec080000)
 ParOldGen       total 259584K, used 223623K [0x00000000c0000000, 0x00000000cfd80000, 0x00000000eab00000)
  object space 259584K, 86% used [0x00000000c0000000,0x00000000cda61d18,0x00000000cfd80000)
 Metaspace       used 84835K, committed 86336K, reserved 1179648K
  class space    used 9224K, committed 9920K, reserved 1048576K
}
Event: 72.986 GC heap before
{Heap before GC invocations=258 (full 16):
 PSYoungGen      total 15360K, used 14624K [0x00000000eab00000, 0x00000000ec080000, 0x0000000100000000)
  eden space 10752K, 93% used [0x00000000eab00000,0x00000000eb4cd0d8,0x00000000eb580000)
  from space 4608K, 99% used [0x00000000eb680000,0x00000000ebafb198,0x00000000ebb00000)
  to   space 5632K, 0% used [0x00000000ebb00000,0x00000000ebb00000,0x00000000ec080000)
 ParOldGen       total 259584K, used 223623K [0x00000000c0000000, 0x00000000cfd80000, 0x00000000eab00000)
  object space 259584K, 86% used [0x00000000c0000000,0x00000000cda61d18,0x00000000cfd80000)
 Metaspace       used 84966K, committed 86464K, reserved 1179648K
  class space    used 9242K, committed 9920K, reserved 1048576K
}
Event: 72.991 GC heap after
{Heap after GC invocations=258 (full 16):
 PSYoungGen      total 13824K, used 2608K [0x00000000eab00000, 0x00000000ebe00000, 0x0000000100000000)
  eden space 10752K, 0% used [0x00000000eab00000,0x00000000eab00000,0x00000000eb580000)
  from space 3072K, 84% used [0x00000000ebb00000,0x00000000ebd8c090,0x00000000ebe00000)
  to   space 3584K, 0% used [0x00000000eb700000,0x00000000eb700000,0x00000000eba80000)
 ParOldGen       total 259584K, used 225426K [0x00000000c0000000, 0x00000000cfd80000, 0x00000000eab00000)
  object space 259584K, 86% used [0x00000000c0000000,0x00000000cdc248c8,0x00000000cfd80000)
 Metaspace       used 84966K, committed 86464K, reserved 1179648K
  class space    used 9242K, committed 9920K, reserved 1048576K
}
Event: 76.307 GC heap before
{Heap before GC invocations=259 (full 16):
 PSYoungGen      total 13824K, used 13360K [0x00000000eab00000, 0x00000000ebe00000, 0x0000000100000000)
  eden space 10752K, 100% used [0x00000000eab00000,0x00000000eb580000,0x00000000eb580000)
  from space 3072K, 84% used [0x00000000ebb00000,0x00000000ebd8c090,0x00000000ebe00000)
  to   space 3584K, 0% used [0x00000000eb700000,0x00000000eb700000,0x00000000eba80000)
 ParOldGen       total 259584K, used 225426K [0x00000000c0000000, 0x00000000cfd80000, 0x00000000eab00000)
  object space 259584K, 86% used [0x00000000c0000000,0x00000000cdc248c8,0x00000000cfd80000)
 Metaspace       used 85215K, committed 86656K, reserved 1179648K
  class space    used 9274K, committed 9920K, reserved 1048576K
}
Event: 76.314 GC heap after
{Heap after GC invocations=259 (full 16):
 PSYoungGen      total 14336K, used 3570K [0x00000000eab00000, 0x00000000ebe80000, 0x0000000100000000)
  eden space 10752K, 0% used [0x00000000eab00000,0x00000000eab00000,0x00000000eb580000)
  from space 3584K, 99% used [0x00000000eb700000,0x00000000eba7caf8,0x00000000eba80000)
  to   space 4096K, 0% used [0x00000000eba80000,0x00000000eba80000,0x00000000ebe80000)
 ParOldGen       total 259584K, used 225778K [0x00000000c0000000, 0x00000000cfd80000, 0x00000000eab00000)
  object space 259584K, 86% used [0x00000000c0000000,0x00000000cdc7c8c8,0x00000000cfd80000)
 Metaspace       used 85215K, committed 86656K, reserved 1179648K
  class space    used 9274K, committed 9920K, reserved 1048576K
}
Event: 76.516 GC heap before
{Heap before GC invocations=260 (full 16):
 PSYoungGen      total 14336K, used 14322K [0x00000000eab00000, 0x00000000ebe80000, 0x0000000100000000)
  eden space 10752K, 99% used [0x00000000eab00000,0x00000000eb57ffd8,0x00000000eb580000)
  from space 3584K, 99% used [0x00000000eb700000,0x00000000eba7caf8,0x00000000eba80000)
  to   space 4096K, 0% used [0x00000000eba80000,0x00000000eba80000,0x00000000ebe80000)
 ParOldGen       total 259584K, used 225778K [0x00000000c0000000, 0x00000000cfd80000, 0x00000000eab00000)
  object space 259584K, 86% used [0x00000000c0000000,0x00000000cdc7c8c8,0x00000000cfd80000)
 Metaspace       used 85272K, committed 86720K, reserved 1179648K
  class space    used 9278K, committed 9920K, reserved 1048576K
}
Event: 76.523 GC heap after
{Heap after GC invocations=260 (full 16):
 PSYoungGen      total 13312K, used 4094K [0x00000000eab00000, 0x00000000ec280000, 0x0000000100000000)
  eden space 9216K, 0% used [0x00000000eab00000,0x00000000eab00000,0x00000000eb400000)
  from space 4096K, 99% used [0x00000000eba80000,0x00000000ebe7fb40,0x00000000ebe80000)
  to   space 6656K, 0% used [0x00000000eb400000,0x00000000eb400000,0x00000000eba80000)
 ParOldGen       total 259584K, used 227758K [0x00000000c0000000, 0x00000000cfd80000, 0x00000000eab00000)
  object space 259584K, 87% used [0x00000000c0000000,0x00000000cde6bae8,0x00000000cfd80000)
 Metaspace       used 85272K, committed 86720K, reserved 1179648K
  class space    used 9278K, committed 9920K, reserved 1048576K
}
Event: 76.757 GC heap before
{Heap before GC invocations=261 (full 16):
 PSYoungGen      total 13312K, used 13310K [0x00000000eab00000, 0x00000000ec280000, 0x0000000100000000)
  eden space 9216K, 100% used [0x00000000eab00000,0x00000000eb400000,0x00000000eb400000)
  from space 4096K, 99% used [0x00000000eba80000,0x00000000ebe7fb40,0x00000000ebe80000)
  to   space 6656K, 0% used [0x00000000eb400000,0x00000000eb400000,0x00000000eba80000)
 ParOldGen       total 259584K, used 227758K [0x00000000c0000000, 0x00000000cfd80000, 0x00000000eab00000)
  object space 259584K, 87% used [0x00000000c0000000,0x00000000cde6bae8,0x00000000cfd80000)
 Metaspace       used 85364K, committed 86784K, reserved 1179648K
  class space    used 9282K, committed 9920K, reserved 1048576K
}
Event: 76.764 GC heap after
{Heap after GC invocations=261 (full 16):
 PSYoungGen      total 13824K, used 4203K [0x00000000eab00000, 0x00000000ebe00000, 0x0000000100000000)
  eden space 9216K, 0% used [0x00000000eab00000,0x00000000eab00000,0x00000000eb400000)
  from space 4608K, 91% used [0x00000000eb400000,0x00000000eb81ac58,0x00000000eb880000)
  to   space 5120K, 0% used [0x00000000eb900000,0x00000000eb900000,0x00000000ebe00000)
 ParOldGen       total 259584K, used 227822K [0x00000000c0000000, 0x00000000cfd80000, 0x00000000eab00000)
  object space 259584K, 87% used [0x00000000c0000000,0x00000000cde7bae8,0x00000000cfd80000)
 Metaspace       used 85364K, committed 86784K, reserved 1179648K
  class space    used 9282K, committed 9920K, reserved 1048576K
}
Event: 77.157 GC heap before
{Heap before GC invocations=262 (full 16):
 PSYoungGen      total 13824K, used 13419K [0x00000000eab00000, 0x00000000ebe00000, 0x0000000100000000)
  eden space 9216K, 100% used [0x00000000eab00000,0x00000000eb400000,0x00000000eb400000)
  from space 4608K, 91% used [0x00000000eb400000,0x00000000eb81ac58,0x00000000eb880000)
  to   space 5120K, 0% used [0x00000000eb900000,0x00000000eb900000,0x00000000ebe00000)
 ParOldGen       total 259584K, used 227822K [0x00000000c0000000, 0x00000000cfd80000, 0x00000000eab00000)
  object space 259584K, 87% used [0x00000000c0000000,0x00000000cde7bae8,0x00000000cfd80000)
 Metaspace       used 85420K, committed 86848K, reserved 1179648K
  class space    used 9285K, committed 9920K, reserved 1048576K
}
Event: 77.166 GC heap after
{Heap after GC invocations=262 (full 16):
 PSYoungGen      total 12800K, used 3500K [0x00000000eab00000, 0x00000000ebc80000, 0x0000000100000000)
  eden space 9216K, 0% used [0x00000000eab00000,0x00000000eab00000,0x00000000eb400000)
  from space 3584K, 97% used [0x00000000eb900000,0x00000000ebc6b3e0,0x00000000ebc80000)
  to   space 4096K, 0% used [0x00000000eb480000,0x00000000eb480000,0x00000000eb880000)
 ParOldGen       total 259584K, used 227830K [0x00000000c0000000, 0x00000000cfd80000, 0x00000000eab00000)
  object space 259584K, 87% used [0x00000000c0000000,0x00000000cde7dae8,0x00000000cfd80000)
 Metaspace       used 85420K, committed 86848K, reserved 1179648K
  class space    used 9285K, committed 9920K, reserved 1048576K
}
Event: 79.840 GC heap before
{Heap before GC invocations=263 (full 16):
 PSYoungGen      total 12800K, used 12716K [0x00000000eab00000, 0x00000000ebc80000, 0x0000000100000000)
  eden space 9216K, 100% used [0x00000000eab00000,0x00000000eb400000,0x00000000eb400000)
  from space 3584K, 97% used [0x00000000eb900000,0x00000000ebc6b3e0,0x00000000ebc80000)
  to   space 4096K, 0% used [0x00000000eb480000,0x00000000eb480000,0x00000000eb880000)
 ParOldGen       total 259584K, used 227830K [0x00000000c0000000, 0x00000000cfd80000, 0x00000000eab00000)
  object space 259584K, 87% used [0x00000000c0000000,0x00000000cde7dae8,0x00000000cfd80000)
 Metaspace       used 86527K, committed 88000K, reserved 1179648K
  class space    used 9463K, committed 10112K, reserved 1048576K
}
Event: 79.845 GC heap after
{Heap after GC invocations=263 (full 16):
 PSYoungGen      total 12800K, used 3532K [0x00000000eab00000, 0x00000000ebb00000, 0x0000000100000000)
  eden space 9216K, 0% used [0x00000000eab00000,0x00000000eab00000,0x00000000eb400000)
  from space 3584K, 98% used [0x00000000eb480000,0x00000000eb7f33e0,0x00000000eb800000)
  to   space 3072K, 0% used [0x00000000eb800000,0x00000000eb800000,0x00000000ebb00000)
 ParOldGen       total 259584K, used 227830K [0x00000000c0000000, 0x00000000cfd80000, 0x00000000eab00000)
  object space 259584K, 87% used [0x00000000c0000000,0x00000000cde7dae8,0x00000000cfd80000)
 Metaspace       used 86527K, committed 88000K, reserved 1179648K
  class space    used 9463K, committed 10112K, reserved 1048576K
}
Event: 81.762 GC heap before
{Heap before GC invocations=264 (full 16):
 PSYoungGen      total 12800K, used 12748K [0x00000000eab00000, 0x00000000ebb00000, 0x0000000100000000)
  eden space 9216K, 100% used [0x00000000eab00000,0x00000000eb400000,0x00000000eb400000)
  from space 3584K, 98% used [0x00000000eb480000,0x00000000eb7f33e0,0x00000000eb800000)
  to   space 3072K, 0% used [0x00000000eb800000,0x00000000eb800000,0x00000000ebb00000)
 ParOldGen       total 259584K, used 227830K [0x00000000c0000000, 0x00000000cfd80000, 0x00000000eab00000)
  object space 259584K, 87% used [0x00000000c0000000,0x00000000cde7dae8,0x00000000cfd80000)
 Metaspace       used 86916K, committed 88384K, reserved 1179648K
  class space    used 9496K, committed 10176K, reserved 1048576K
}
Event: 81.767 GC heap after
{Heap after GC invocations=264 (full 16):
 PSYoungGen      total 11776K, used 3066K [0x00000000eab00000, 0x00000000ebd00000, 0x0000000100000000)
  eden space 8704K, 0% used [0x00000000eab00000,0x00000000eab00000,0x00000000eb380000)
  from space 3072K, 99% used [0x00000000eb800000,0x00000000ebafe8a0,0x00000000ebb00000)
  to   space 4608K, 0% used [0x00000000eb380000,0x00000000eb380000,0x00000000eb800000)
 ParOldGen       total 259584K, used 229150K [0x00000000c0000000, 0x00000000cfd80000, 0x00000000eab00000)
  object space 259584K, 88% used [0x00000000c0000000,0x00000000cdfc7ab8,0x00000000cfd80000)
 Metaspace       used 86916K, committed 88384K, reserved 1179648K
  class space    used 9496K, committed 10176K, reserved 1048576K
}
Event: 82.503 GC heap before
{Heap before GC invocations=265 (full 16):
 PSYoungGen      total 11776K, used 11770K [0x00000000eab00000, 0x00000000ebd00000, 0x0000000100000000)
  eden space 8704K, 99% used [0x00000000eab00000,0x00000000eb37fff0,0x00000000eb380000)
  from space 3072K, 99% used [0x00000000eb800000,0x00000000ebafe8a0,0x00000000ebb00000)
  to   space 4608K, 0% used [0x00000000eb380000,0x00000000eb380000,0x00000000eb800000)
 ParOldGen       total 259584K, used 229150K [0x00000000c0000000, 0x00000000cfd80000, 0x00000000eab00000)
  object space 259584K, 88% used [0x00000000c0000000,0x00000000cdfc7ab8,0x00000000cfd80000)
 Metaspace       used 87332K, committed 88832K, reserved 1179648K
  class space    used 9567K, committed 10240K, reserved 1048576K
}
Event: 82.507 GC heap after
{Heap after GC invocations=265 (full 16):
 PSYoungGen      total 12288K, used 3402K [0x00000000eab00000, 0x00000000ebb80000, 0x0000000100000000)
  eden space 8704K, 0% used [0x00000000eab00000,0x00000000eab00000,0x00000000eb380000)
  from space 3584K, 94% used [0x00000000eb380000,0x00000000eb6d2890,0x00000000eb700000)
  to   space 4096K, 0% used [0x00000000eb780000,0x00000000eb780000,0x00000000ebb80000)
 ParOldGen       total 259584K, used 229595K [0x00000000c0000000, 0x00000000cfd80000, 0x00000000eab00000)
  object space 259584K, 88% used [0x00000000c0000000,0x00000000ce036fc8,0x00000000cfd80000)
 Metaspace       used 87332K, committed 88832K, reserved 1179648K
  class space    used 9567K, committed 10240K, reserved 1048576K
}

