# JRE version: OpenJDK Runtime Environment Temurin-17.0.13+11 (17.0.13+11) (build 17.0.13+11)
# Java VM: OpenJDK 64-Bit Server VM Temurin-17.0.13+11 (17.0.13+11, mixed mode, tiered, compressed oops, compressed class ptrs, parallel gc, windows-amd64)
GC Precious Log:
 CPUs: 8 total, 8 available
 Memory: 7975M
 Large Page Support: Disabled
 NUMA Support: Disabled
 Compressed Oops: Enabled (32-bit)
 Alignments: Space 512K, Generation 512K, Heap 2M
 Heap Min Capacity: 100M
 Heap Initial Capacity: 100M
 Heap Max Capacity: 1G
 Pre-touch: Disabled
 Parallel Workers: 8
Heap:
 PSYoungGen      total 57856K, used 29610K [0x00000000eab00000, 0x00000000f0200000, 0x0000000100000000)
  eden space 35840K, 22% used [0x00000000eab00000,0x00000000eb2d7238,0x00000000ece00000)
  from space 22016K, 98% used [0x00000000eec80000,0x00000000f01935e0,0x00000000f0200000)
  to   space 23040K, 0% used [0x00000000ed500000,0x00000000ed500000,0x00000000eeb80000)
 ParOldGen       total 286720K, used 225357K [0x00000000c0000000, 0x00000000d1800000, 0x00000000eab00000)
  object space 286720K, 78% used [0x00000000c0000000,0x00000000cdc13490,0x00000000d1800000)
 Metaspace       used 73628K, committed 75008K, reserved 1179648K
  class space    used 7897K, committed 8512K, reserved 1048576K
GC Heap History (20 events):
Event: 17.709 GC heap before
{Heap before GC invocations=86 (full 5):
 PSYoungGen      total 46080K, used 45708K [0x00000000eab00000, 0x00000000eec80000, 0x0000000100000000)
  eden space 29184K, 100% used [0x00000000eab00000,0x00000000ec780000,0x00000000ec780000)
  from space 16896K, 97% used [0x00000000edc00000,0x00000000eec23148,0x00000000eec80000)
  to   space 18432K, 0% used [0x00000000ec880000,0x00000000ec880000,0x00000000eda80000)
 ParOldGen       total 203264K, used 166488K [0x00000000c0000000, 0x00000000cc680000, 0x00000000eab00000)
  object space 203264K, 81% used [0x00000000c0000000,0x00000000ca296138,0x00000000cc680000)
 Metaspace       used 72562K, committed 73856K, reserved 1179648K
  class space    used 7792K, committed 8384K, reserved 1048576K
}
Event: 17.726 GC heap after
{Heap after GC invocations=86 (full 5):
 PSYoungGen      total 48640K, used 18419K [0x00000000eab00000, 0x00000000ef700000, 0x0000000100000000)
  eden space 30208K, 0% used [0x00000000eab00000,0x00000000eab00000,0x00000000ec880000)
  from space 18432K, 99% used [0x00000000ec880000,0x00000000eda7cfd0,0x00000000eda80000)
  to   space 23040K, 0% used [0x00000000ee080000,0x00000000ee080000,0x00000000ef700000)
 ParOldGen       total 203264K, used 170008K [0x00000000c0000000, 0x00000000cc680000, 0x00000000eab00000)
  object space 203264K, 83% used [0x00000000c0000000,0x00000000ca606288,0x00000000cc680000)
 Metaspace       used 72562K, committed 73856K, reserved 1179648K
  class space    used 7792K, committed 8384K, reserved 1048576K
}
Event: 18.026 GC heap before
{Heap before GC invocations=87 (full 5):
 PSYoungGen      total 48640K, used 48627K [0x00000000eab00000, 0x00000000ef700000, 0x0000000100000000)
  eden space 30208K, 100% used [0x00000000eab00000,0x00000000ec880000,0x00000000ec880000)
  from space 18432K, 99% used [0x00000000ec880000,0x00000000eda7cfd0,0x00000000eda80000)
  to   space 23040K, 0% used [0x00000000ee080000,0x00000000ee080000,0x00000000ef700000)
 ParOldGen       total 203264K, used 170008K [0x00000000c0000000, 0x00000000cc680000, 0x00000000eab00000)
  object space 203264K, 83% used [0x00000000c0000000,0x00000000ca606288,0x00000000cc680000)
 Metaspace       used 72562K, committed 73856K, reserved 1179648K
  class space    used 7792K, committed 8384K, reserved 1048576K
}
Event: 18.050 GC heap after
{Heap after GC invocations=87 (full 5):
 PSYoungGen      total 53248K, used 20476K [0x00000000eab00000, 0x00000000ef480000, 0x0000000100000000)
  eden space 32768K, 0% used [0x00000000eab00000,0x00000000eab00000,0x00000000ecb00000)
  from space 20480K, 99% used [0x00000000ee080000,0x00000000ef47f308,0x00000000ef480000)
  to   space 20992K, 0% used [0x00000000ecb80000,0x00000000ecb80000,0x00000000ee000000)
 ParOldGen       total 203264K, used 174561K [0x00000000c0000000, 0x00000000cc680000, 0x00000000eab00000)
  object space 203264K, 85% used [0x00000000c0000000,0x00000000caa78610,0x00000000cc680000)
 Metaspace       used 72562K, committed 73856K, reserved 1179648K
  class space    used 7792K, committed 8384K, reserved 1048576K
}
Event: 18.590 GC heap before
{Heap before GC invocations=88 (full 5):
 PSYoungGen      total 53248K, used 53244K [0x00000000eab00000, 0x00000000ef480000, 0x0000000100000000)
  eden space 32768K, 100% used [0x00000000eab00000,0x00000000ecb00000,0x00000000ecb00000)
  from space 20480K, 99% used [0x00000000ee080000,0x00000000ef47f308,0x00000000ef480000)
  to   space 20992K, 0% used [0x00000000ecb80000,0x00000000ecb80000,0x00000000ee000000)
 ParOldGen       total 203264K, used 174561K [0x00000000c0000000, 0x00000000cc680000, 0x00000000eab00000)
  object space 203264K, 85% used [0x00000000c0000000,0x00000000caa78610,0x00000000cc680000)
 Metaspace       used 72563K, committed 73856K, reserved 1179648K
  class space    used 7792K, committed 8384K, reserved 1048576K
}
Event: 18.611 GC heap after
{Heap after GC invocations=88 (full 5):
 PSYoungGen      total 54272K, used 20979K [0x00000000eab00000, 0x00000000f0480000, 0x0000000100000000)
  eden space 33280K, 0% used [0x00000000eab00000,0x00000000eab00000,0x00000000ecb80000)
  from space 20992K, 99% used [0x00000000ecb80000,0x00000000edffcc78,0x00000000ee000000)
  to   space 28160K, 0% used [0x00000000ee900000,0x00000000ee900000,0x00000000f0480000)
 ParOldGen       total 203264K, used 180590K [0x00000000c0000000, 0x00000000cc680000, 0x00000000eab00000)
  object space 203264K, 88% used [0x00000000c0000000,0x00000000cb05b888,0x00000000cc680000)
 Metaspace       used 72563K, committed 73856K, reserved 1179648K
  class space    used 7792K, committed 8384K, reserved 1048576K
}
Event: 18.976 GC heap before
{Heap before GC invocations=89 (full 5):
 PSYoungGen      total 54272K, used 54259K [0x00000000eab00000, 0x00000000f0480000, 0x0000000100000000)
  eden space 33280K, 100% used [0x00000000eab00000,0x00000000ecb80000,0x00000000ecb80000)
  from space 20992K, 99% used [0x00000000ecb80000,0x00000000edffcc78,0x00000000ee000000)
  to   space 28160K, 0% used [0x00000000ee900000,0x00000000ee900000,0x00000000f0480000)
 ParOldGen       total 203264K, used 180590K [0x00000000c0000000, 0x00000000cc680000, 0x00000000eab00000)
  object space 203264K, 88% used [0x00000000c0000000,0x00000000cb05b888,0x00000000cc680000)
 Metaspace       used 72563K, committed 73856K, reserved 1179648K
  class space    used 7792K, committed 8384K, reserved 1048576K
}
Event: 18.999 GC heap after
{Heap after GC invocations=89 (full 5):
 PSYoungGen      total 55808K, used 20127K [0x00000000eab00000, 0x00000000efd00000, 0x0000000100000000)
  eden space 35328K, 0% used [0x00000000eab00000,0x00000000eab00000,0x00000000ecd80000)
  from space 20480K, 98% used [0x00000000ee900000,0x00000000efca7dd8,0x00000000efd00000)
  to   space 23040K, 0% used [0x00000000ed000000,0x00000000ed000000,0x00000000ee680000)
 ParOldGen       total 203264K, used 188919K [0x00000000c0000000, 0x00000000cc680000, 0x00000000eab00000)
  object space 203264K, 92% used [0x00000000c0000000,0x00000000cb87dcb0,0x00000000cc680000)
 Metaspace       used 72563K, committed 73856K, reserved 1179648K
  class space    used 7792K, committed 8384K, reserved 1048576K
}
Event: 19.252 GC heap before
{Heap before GC invocations=90 (full 5):
 PSYoungGen      total 55808K, used 55455K [0x00000000eab00000, 0x00000000efd00000, 0x0000000100000000)
  eden space 35328K, 100% used [0x00000000eab00000,0x00000000ecd80000,0x00000000ecd80000)
  from space 20480K, 98% used [0x00000000ee900000,0x00000000efca7dd8,0x00000000efd00000)
  to   space 23040K, 0% used [0x00000000ed000000,0x00000000ed000000,0x00000000ee680000)
 ParOldGen       total 203264K, used 188919K [0x00000000c0000000, 0x00000000cc680000, 0x00000000eab00000)
  object space 203264K, 92% used [0x00000000c0000000,0x00000000cb87dcb0,0x00000000cc680000)
 Metaspace       used 72563K, committed 73856K, reserved 1179648K
  class space    used 7792K, committed 8384K, reserved 1048576K
}
Event: 19.272 GC heap after
{Heap after GC invocations=90 (full 5):
 PSYoungGen      total 60928K, used 23027K [0x00000000eab00000, 0x00000000f0900000, 0x0000000100000000)
  eden space 37888K, 0% used [0x00000000eab00000,0x00000000eab00000,0x00000000ed000000)
  from space 23040K, 99% used [0x00000000ed000000,0x00000000ee67cd00,0x00000000ee680000)
  to   space 29184K, 0% used [0x00000000eec80000,0x00000000eec80000,0x00000000f0900000)
 ParOldGen       total 203264K, used 193488K [0x00000000c0000000, 0x00000000cc680000, 0x00000000eab00000)
  object space 203264K, 95% used [0x00000000c0000000,0x00000000cbcf41f8,0x00000000cc680000)
 Metaspace       used 72563K, committed 73856K, reserved 1179648K
  class space    used 7792K, committed 8384K, reserved 1048576K
}
Event: 19.604 GC heap before
{Heap before GC invocations=91 (full 5):
 PSYoungGen      total 60928K, used 60915K [0x00000000eab00000, 0x00000000f0900000, 0x0000000100000000)
  eden space 37888K, 100% used [0x00000000eab00000,0x00000000ed000000,0x00000000ed000000)
  from space 23040K, 99% used [0x00000000ed000000,0x00000000ee67cd00,0x00000000ee680000)
  to   space 29184K, 0% used [0x00000000eec80000,0x00000000eec80000,0x00000000f0900000)
 ParOldGen       total 203264K, used 193488K [0x00000000c0000000, 0x00000000cc680000, 0x00000000eab00000)
  object space 203264K, 95% used [0x00000000c0000000,0x00000000cbcf41f8,0x00000000cc680000)
 Metaspace       used 72568K, committed 73856K, reserved 1179648K
  class space    used 7792K, committed 8384K, reserved 1048576K
}
Event: 19.637 GC heap after
{Heap after GC invocations=91 (full 5):
 PSYoungGen      total 66048K, used 23717K [0x00000000eab00000, 0x00000000f0500000, 0x0000000100000000)
  eden space 40960K, 0% used [0x00000000eab00000,0x00000000eab00000,0x00000000ed300000)
  from space 25088K, 94% used [0x00000000eec80000,0x00000000f03a94f0,0x00000000f0500000)
  to   space 25600K, 0% used [0x00000000ed300000,0x00000000ed300000,0x00000000eec00000)
 ParOldGen       total 203264K, used 200917K [0x00000000c0000000, 0x00000000cc680000, 0x00000000eab00000)
  object space 203264K, 98% used [0x00000000c0000000,0x00000000cc4356a8,0x00000000cc680000)
 Metaspace       used 72568K, committed 73856K, reserved 1179648K
  class space    used 7792K, committed 8384K, reserved 1048576K
}
Event: 19.975 GC heap before
{Heap before GC invocations=92 (full 6):
 PSYoungGen      total 66048K, used 64677K [0x00000000eab00000, 0x00000000f0500000, 0x0000000100000000)
  eden space 40960K, 100% used [0x00000000eab00000,0x00000000ed300000,0x00000000ed300000)
  from space 25088K, 94% used [0x00000000eec80000,0x00000000f03a94f0,0x00000000f0500000)
  to   space 25600K, 0% used [0x00000000ed300000,0x00000000ed300000,0x00000000eec00000)
 ParOldGen       total 203264K, used 200917K [0x00000000c0000000, 0x00000000cc680000, 0x00000000eab00000)
  object space 203264K, 98% used [0x00000000c0000000,0x00000000cc4356a8,0x00000000cc680000)
 Metaspace       used 72568K, committed 73856K, reserved 1179648K
  class space    used 7792K, committed 8384K, reserved 1048576K
}
Event: 23.470 GC heap after
{Heap after GC invocations=92 (full 6):
 PSYoungGen      total 65024K, used 19882K [0x00000000eab00000, 0x00000000f0480000, 0x0000000100000000)
  eden space 40448K, 0% used [0x00000000eab00000,0x00000000eab00000,0x00000000ed280000)
  from space 24576K, 80% used [0x00000000eec80000,0x00000000effeaa90,0x00000000f0480000)
  to   space 25600K, 0% used [0x00000000ed280000,0x00000000ed280000,0x00000000eeb80000)
 ParOldGen       total 203264K, used 203003K [0x00000000c0000000, 0x00000000cc680000, 0x00000000eab00000)
  object space 203264K, 99% used [0x00000000c0000000,0x00000000cc63ef08,0x00000000cc680000)
 Metaspace       used 72568K, committed 73856K, reserved 1179648K
  class space    used 7792K, committed 8384K, reserved 1048576K
}
Event: 23.655 GC heap before
{Heap before GC invocations=93 (full 7):
 PSYoungGen      total 65024K, used 60330K [0x00000000eab00000, 0x00000000f0480000, 0x0000000100000000)
  eden space 40448K, 100% used [0x00000000eab00000,0x00000000ed280000,0x00000000ed280000)
  from space 24576K, 80% used [0x00000000eec80000,0x00000000effeaa90,0x00000000f0480000)
  to   space 25600K, 0% used [0x00000000ed280000,0x00000000ed280000,0x00000000eeb80000)
 ParOldGen       total 203264K, used 203003K [0x00000000c0000000, 0x00000000cc680000, 0x00000000eab00000)
  object space 203264K, 99% used [0x00000000c0000000,0x00000000cc63ef08,0x00000000cc680000)
 Metaspace       used 72748K, committed 73984K, reserved 1179648K
  class space    used 7808K, committed 8384K, reserved 1048576K
}
Event: 23.812 GC heap after
{Heap after GC invocations=93 (full 7):
 PSYoungGen      total 66048K, used 25693K [0x00000000eab00000, 0x00000000f0400000, 0x0000000100000000)
  eden space 40448K, 63% used [0x00000000eab00000,0x00000000ec417658,0x00000000ed280000)
  from space 25600K, 0% used [0x00000000ed280000,0x00000000ed280000,0x00000000eeb80000)
  to   space 24064K, 0% used [0x00000000eec80000,0x00000000eec80000,0x00000000f0400000)
 ParOldGen       total 286720K, used 203232K [0x00000000c0000000, 0x00000000d1800000, 0x00000000eab00000)
  object space 286720K, 70% used [0x00000000c0000000,0x00000000cc678058,0x00000000d1800000)
 Metaspace       used 72748K, committed 73984K, reserved 1179648K
  class space    used 7808K, committed 8384K, reserved 1048576K
}
Event: 23.877 GC heap before
{Heap before GC invocations=94 (full 7):
 PSYoungGen      total 66048K, used 40448K [0x00000000eab00000, 0x00000000f0400000, 0x0000000100000000)
  eden space 40448K, 100% used [0x00000000eab00000,0x00000000ed280000,0x00000000ed280000)
  from space 25600K, 0% used [0x00000000ed280000,0x00000000ed280000,0x00000000eeb80000)
  to   space 24064K, 0% used [0x00000000eec80000,0x00000000eec80000,0x00000000f0400000)
 ParOldGen       total 286720K, used 203232K [0x00000000c0000000, 0x00000000d1800000, 0x00000000eab00000)
  object space 286720K, 70% used [0x00000000c0000000,0x00000000cc678058,0x00000000d1800000)
 Metaspace       used 72827K, committed 74176K, reserved 1179648K
  class space    used 7812K, committed 8448K, reserved 1048576K
}
Event: 24.902 GC heap after
{Heap after GC invocations=94 (full 7):
 PSYoungGen      total 60416K, used 24051K [0x00000000eab00000, 0x00000000f0e00000, 0x0000000100000000)
  eden space 36352K, 0% used [0x00000000eab00000,0x00000000eab00000,0x00000000ece80000)
  from space 24064K, 99% used [0x00000000eec80000,0x00000000f03fcce8,0x00000000f0400000)
  to   space 30720K, 0% used [0x00000000ece80000,0x00000000ece80000,0x00000000eec80000)
 ParOldGen       total 286720K, used 208728K [0x00000000c0000000, 0x00000000d1800000, 0x00000000eab00000)
  object space 286720K, 72% used [0x00000000c0000000,0x00000000ccbd62e8,0x00000000d1800000)
 Metaspace       used 72827K, committed 74176K, reserved 1179648K
  class space    used 7812K, committed 8448K, reserved 1048576K
}
Event: 25.379 GC heap before
{Heap before GC invocations=95 (full 7):
 PSYoungGen      total 60416K, used 60403K [0x00000000eab00000, 0x00000000f0e00000, 0x0000000100000000)
  eden space 36352K, 100% used [0x00000000eab00000,0x00000000ece80000,0x00000000ece80000)
  from space 24064K, 99% used [0x00000000eec80000,0x00000000f03fcce8,0x00000000f0400000)
  to   space 30720K, 0% used [0x00000000ece80000,0x00000000ece80000,0x00000000eec80000)
 ParOldGen       total 286720K, used 208728K [0x00000000c0000000, 0x00000000d1800000, 0x00000000eab00000)
  object space 286720K, 72% used [0x00000000c0000000,0x00000000ccbd62e8,0x00000000d1800000)
 Metaspace       used 73005K, committed 74368K, reserved 1179648K
  class space    used 7828K, committed 8448K, reserved 1048576K
}
Event: 26.089 GC heap after
{Heap after GC invocations=95 (full 7):
 PSYoungGen      total 67072K, used 24033K [0x00000000eab00000, 0x00000000f0600000, 0x0000000100000000)
  eden space 36352K, 0% used [0x00000000eab00000,0x00000000eab00000,0x00000000ece80000)
  from space 30720K, 78% used [0x00000000ece80000,0x00000000ee5f87c0,0x00000000eec80000)
  to   space 26112K, 0% used [0x00000000eec80000,0x00000000eec80000,0x00000000f0600000)
 ParOldGen       total 286720K, used 215591K [0x00000000c0000000, 0x00000000d1800000, 0x00000000eab00000)
  object space 286720K, 75% used [0x00000000c0000000,0x00000000cd289cc0,0x00000000d1800000)
 Metaspace       used 73005K, committed 74368K, reserved 1179648K
  class space    used 7828K, committed 8448K, reserved 1048576K
}

